
INFO : 2023-09-20T22:14:31.355053-0600 : Starting project
INFO : 2023-09-20T22:14:31.441770-0600 : Currently in: /politica : Política
INFO : 2023-09-20T22:14:31.447473-0600 : Currently in: /economia : Economía
INFO : 2023-09-20T22:14:31.448665-0600 : Currently in: /finanzas : Finanzas
INFO : 2023-09-20T22:14:31.449704-0600 : Currently in: /emprendimiento : Emprendimiento
INFO : 2023-09-20T22:14:31.450642-0600 : Currently in: /vive-guatemala : Vive
INFO : 2023-09-20T22:14:31.451603-0600 : Currently in: /internacional : Internacional
INFO : 2023-09-20T22:14:31.452546-0600 : Currently in: /guatemala : Guatemala
INFO : 2023-09-20T22:14:31.453522-0600 : Currently in: /seguridad-y-justicia : Seguridad y Justicia
INFO : 2023-09-20T22:14:31.454468-0600 : Currently in: /columna-de-opinion : Opinión
INFO : 2023-09-20T22:14:31.455431-0600 : Currently in: /especiales-republica : Especiales República
INFO : 2023-09-20T22:14:31.827785-0600 : In category: Política url: https://republica.gt/politica


INFO : 2023-09-20T22:14:32.072592-0600 : In category: Finanzas url: https://republica.gt/finanzas


INFO : 2023-09-20T22:14:32.193986-0600 : In category: Internacional url: https://republica.gt/internacional


INFO : 2023-09-20T22:14:32.305631-0600 : In category: Especiales República url: https://republica.gt/especiales-republica


INFO : 2023-09-20T22:14:32.405197-0600 : In category: Vive url: https://republica.gt/vive-guatemala


INFO : 2023-09-20T22:14:32.426552-0600 : In category: Seguridad y Justicia url: https://republica.gt/seguridad-y-justicia


INFO : 2023-09-20T22:14:32.507798-0600 : In category: Opinión url: https://republica.gt/columna-de-opinion


INFO : 2023-09-20T22:14:32.593437-0600 : In category: Emprendimiento url: https://republica.gt/emprendimiento


INFO : 2023-09-20T22:14:32.613270-0600 : In category: Guatemala url: https://republica.gt/guatemala


INFO : 2023-09-20T22:14:32.818050-0600 : In category: Economía url: https://republica.gt/economia


INFO : 2023-09-20T22:14:33.482386-0600 : In category: Política url: https://republica.gt/politica/2


INFO : 2023-09-20T22:14:33.738137-0600 : In category: Guatemala url: https://republica.gt/guatemala/2


INFO : 2023-09-20T22:14:34.025648-0600 : In category: Economía url: https://republica.gt/economia/2


INFO : 2023-09-20T22:14:34.464152-0600 : In category: Guatemala url: https://republica.gt/guatemala/3


INFO : 2023-09-20T22:14:34.595335-0600 : In category: Política url: https://republica.gt/politica/3


INFO : 2023-09-20T22:14:35.120075-0600 : In category: Economía url: https://republica.gt/economia/3


INFO : 2023-09-20T22:14:35.541152-0600 : In category: Guatemala url: https://republica.gt/guatemala/4


INFO : 2023-09-20T22:14:35.622657-0600 : In category: Política url: https://republica.gt/politica/4


INFO : 2023-09-20T22:14:36.097464-0600 : In category: Economía url: https://republica.gt/economia/4


INFO : 2023-09-20T22:14:36.928486-0600 : In category: Política url: https://republica.gt/politica/5


INFO : 2023-09-20T22:14:37.205059-0600 : In category: Economía url: https://republica.gt/economia/5


INFO : 2023-09-20T22:14:59.507405-0600 : In category: Guatemala url: https://republica.gt/guatemala/5


INFO : 2023-09-20T22:15:42.431273-0600 : In category: Emprendimiento url: https://republica.gt/emprendimiento/2


INFO : 2023-09-20T22:15:44.324187-0600 : In category: Emprendimiento url: https://republica.gt/emprendimiento/3


INFO : 2023-09-20T22:15:45.451222-0600 : In category: Emprendimiento url: https://republica.gt/emprendimiento/4


INFO : 2023-09-20T22:15:51.742519-0600 : In category: Emprendimiento url: https://republica.gt/emprendimiento/5


INFO : 2023-09-20T22:16:23.059148-0600 : In category: Opinión url: https://republica.gt/columna-de-opinion/2


INFO : 2023-09-20T22:16:23.985277-0600 : In category: Opinión url: https://republica.gt/columna-de-opinion/3


INFO : 2023-09-20T22:16:25.032664-0600 : In category: Opinión url: https://republica.gt/columna-de-opinion/4


INFO : 2023-09-20T22:16:26.391997-0600 : In category: Opinión url: https://republica.gt/columna-de-opinion/5


INFO : 2023-09-20T22:16:35.922770-0600 : In category: Seguridad y Justicia url: https://republica.gt/seguridad-y-justicia/2


INFO : 2023-09-20T22:16:36.943194-0600 : In category: Vive url: https://republica.gt/vive-guatemala/2


INFO : 2023-09-20T22:16:37.413802-0600 : In category: Seguridad y Justicia url: https://republica.gt/seguridad-y-justicia/3


INFO : 2023-09-20T22:16:38.395276-0600 : In category: Vive url: https://republica.gt/vive-guatemala/3


INFO : 2023-09-20T22:16:46.591276-0600 : In category: Vive url: https://republica.gt/vive-guatemala/4


INFO : 2023-09-20T22:16:49.050054-0600 : In category: Vive url: https://republica.gt/vive-guatemala/5


INFO : 2023-09-20T22:16:51.824295-0600 : In category: Seguridad y Justicia url: https://republica.gt/seguridad-y-justicia/4


INFO : 2023-09-20T22:16:53.145814-0600 : In category: Seguridad y Justicia url: https://republica.gt/seguridad-y-justicia/5


INFO : 2023-09-20T22:17:55.262308-0600 : In category: Especiales República url: https://republica.gt/especiales-republica/2


INFO : 2023-09-20T22:18:02.002276-0600 : In category: Internacional url: https://republica.gt/internacional/2


INFO : 2023-09-20T22:18:03.265543-0600 : In category: Internacional url: https://republica.gt/internacional/3


INFO : 2023-09-20T22:18:04.576194-0600 : In category: Internacional url: https://republica.gt/internacional/4


INFO : 2023-09-20T22:18:06.014692-0600 : In category: Internacional url: https://republica.gt/internacional/5


INFO : 2023-09-20T22:18:49.910756-0600 : In category: Finanzas url: https://republica.gt/finanzas/2


INFO : 2023-09-20T22:18:51.506390-0600 : In category: Finanzas url: https://republica.gt/finanzas/3


INFO : 2023-09-20T22:18:52.744797-0600 : In category: Finanzas url: https://republica.gt/finanzas/4


INFO : 2023-09-20T22:19:27.084588-0600 : In category: Especiales República url: https://republica.gt/especiales-republica


